<?xml version="1.0" encoding="UTF-8"?>
<!-- Generated by org.testng.reporters.JUnitXMLReporter -->
<testsuite hostname="AKBAR" ignored="5" name="Test" tests="1" failures="0" timestamp="30 Jan 2019 13:04:40 GMT" time="39.184" errors="0">
  <testcase name="registration_Test" time="24.074" classname="com.lift_co.tests.RegistrationPageTest"/>
  <testcase name="validate_forAgeLessThan18" time="0.0" classname="com.lift_co.tests.AgeGateTest">
    <ignored/>
  </testcase> <!-- validate_forAgeLessThan18 -->
  <testcase name="validate_GlobalField_searchTest" time="0.0" classname="com.lift_co.tests.SearchTest">
    <ignored/>
  </testcase> <!-- validate_GlobalField_searchTest -->
  <testcase name="validate_forAgeMoreThan18" time="0.0" classname="com.lift_co.tests.AgeGateTest">
    <ignored/>
  </testcase> <!-- validate_forAgeMoreThan18 -->
  <testcase name="validate_UnlockingOfReward" time="0.0" classname="com.lift_co.tests.Rewards_Test">
    <ignored/>
  </testcase> <!-- validate_UnlockingOfReward -->
  <testcase name="writeReviewsFor_new_clinics" time="0.0" classname="com.lift_co.tests.WriteReviewTest">
    <ignored/>
  </testcase> <!-- writeReviewsFor_new_clinics -->
</testsuite> <!-- Test -->
