<?xml version="1.0" encoding="UTF-8"?>
<!-- Generated by org.testng.reporters.JUnitXMLReporter -->
<testsuite hostname="AKBAR" ignored="0" name="LoginPageTest" tests="2" failures="0" timestamp="04 Jan 2019 09:38:12 GMT" time="0.015" errors="0">
  <testcase name="@BeforeMethod setUp" time="0.0" classname="com.lift_co.tests.LoginPageTest">
    <failure type="java.lang.NoClassDefFoundError" message="com/google/common/collect/ImmutableMap">
      <![CDATA[java.lang.NoClassDefFoundError: com/google/common/collect/ImmutableMap
at org.openqa.selenium.remote.service.DriverService$Builder.<init>(DriverService.java:259)
at org.openqa.selenium.chrome.ChromeDriverService$Builder.<init>(ChromeDriverService.java:101)
at org.openqa.selenium.chrome.ChromeDriverService.createDefaultService(ChromeDriverService.java:94)
at org.openqa.selenium.chrome.ChromeDriver.<init>(ChromeDriver.java:123)
at com.lift_co.base.Base.initialization(Base.java:69)
at com.lift_co.tests.LoginPageTest.setUp(LoginPageTest.java:27)
... Removed 28 stack frames]]>
    </failure>
  </testcase> <!-- @BeforeMethod setUp -->
  <testcase name="@AfterMethod tearDown" time="0.0" classname="com.lift_co.tests.LoginPageTest">
    <skipped/>
  </testcase> <!-- @AfterMethod tearDown -->
  <testcase name="@BeforeMethod setUp" time="0.0" classname="com.lift_co.tests.LoginPageTest">
    <skipped/>
  </testcase> <!-- @BeforeMethod setUp -->
  <testcase name="@AfterMethod tearDown" time="0.0" classname="com.lift_co.tests.LoginPageTest">
    <skipped/>
  </testcase> <!-- @AfterMethod tearDown -->
  <testcase name="loginPageTitleTest" time="0.0" classname="com.lift_co.tests.LoginPageTest">
    <skipped/>
  </testcase> <!-- loginPageTitleTest -->
  <testcase name="loginTest" time="0.0" classname="com.lift_co.tests.LoginPageTest">
    <skipped/>
  </testcase> <!-- loginTest -->
</testsuite> <!-- LoginPageTest -->
