<?xml version="1.0" encoding="UTF-8"?>
<!-- Generated by org.testng.reporters.JUnitXMLReporter -->
<testsuite hostname="AKBAR" ignored="1" name="Test" tests="1" failures="0" timestamp="16 Jan 2019 12:09:31 GMT" time="21.213" errors="0">
  <testcase name="verify_Recommendation_Recom_1" time="4.404" classname="com.lift_co.tests.RecommendationTest"/>
  <testcase name="validate_AgeMoreThan18_orNot" time="0.0" classname="com.lift_co.tests.AgeGateTest">
    <ignored/>
  </testcase> <!-- validate_AgeMoreThan18_orNot -->
</testsuite> <!-- Test -->
